# JRE version: OpenJDK Runtime Environment Temurin-21.0.11+10 (21.0.11+10) (build 21.0.11+10-LTS)
# Java VM: OpenJDK 64-Bit Server VM Temurin-21.0.11+10 (21.0.11+10-LTS, mixed mode, sharing, tiered, compressed oops, compressed class ptrs, parallel gc, windows-amd64)
GC Precious Log:
 CardTable entry size: 512
 CPUs: 12 total, 12 available
 Memory: 16052M
 Large Page Support: Disabled
 NUMA Support: Disabled
 Compressed Oops: Enabled (32-bit)
 Alignments: Space 512K, Generation 512K, Heap 2M
 Heap Min Capacity: 100M
 Heap Initial Capacity: 100M
 Heap Max Capacity: 2G
 Pre-touch: Disabled
 Parallel Workers: 10
Heap:
 PSYoungGen      total 4608K, used 2028K [0x00000000d5580000, 0x00000000d5c80000, 0x0000000100000000)
  eden space 4096K, 41% used [0x00000000d5580000,0x00000000d572b328,0x00000000d5980000)
  from space 512K, 62% used [0x00000000d5b80000,0x00000000d5bd0000,0x00000000d5c00000)
  to   space 512K, 0% used [0x00000000d5c00000,0x00000000d5c00000,0x00000000d5c80000)
 ParOldGen       total 435200K, used 348384K [0x0000000080000000, 0x000000009a900000, 0x00000000d5580000)
  object space 435200K, 80% used [0x0000000080000000,0x0000000095438360,0x000000009a900000)
 Metaspace       used 85072K, committed 86912K, reserved 1179648K
  class space    used 10745K, committed 11584K, reserved 1048576K
GC Heap History (20 events):
Event: 13653.123 GC heap before
{Heap before GC invocations=913 (full 3):
 PSYoungGen      total 4608K, used 4384K [0x00000000d5580000, 0x00000000d5c80000, 0x0000000100000000)
  eden space 4096K, 100% used [0x00000000d5580000,0x00000000d5980000,0x00000000d5980000)
  from space 512K, 56% used [0x00000000d5b80000,0x00000000d5bc8000,0x00000000d5c00000)
  to   space 512K, 0% used [0x00000000d5c00000,0x00000000d5c00000,0x00000000d5c80000)
 ParOldGen       total 435200K, used 347800K [0x0000000080000000, 0x000000009a900000, 0x00000000d5580000)
  object space 435200K, 79% used [0x0000000080000000,0x00000000953a6360,0x000000009a900000)
 Metaspace       used 84902K, committed 86784K, reserved 1179648K
  class space    used 10741K, committed 11584K, reserved 1048576K
}
Event: 13653.127 GC heap after
{Heap after GC invocations=913 (full 3):
 PSYoungGen      total 4608K, used 256K [0x00000000d5580000, 0x00000000d5c80000, 0x0000000100000000)
  eden space 4096K, 0% used [0x00000000d5580000,0x00000000d5580000,0x00000000d5980000)
  from space 512K, 50% used [0x00000000d5c00000,0x00000000d5c40000,0x00000000d5c80000)
  to   space 512K, 0% used [0x00000000d5b80000,0x00000000d5b80000,0x00000000d5c00000)
 ParOldGen       total 435200K, used 347872K [0x0000000080000000, 0x000000009a900000, 0x00000000d5580000)
  object space 435200K, 79% used [0x0000000080000000,0x00000000953b8360,0x000000009a900000)
 Metaspace       used 84902K, committed 86784K, reserved 1179648K
  class space    used 10741K, committed 11584K, reserved 1048576K
}
Event: 13661.330 GC heap before
{Heap before GC invocations=914 (full 3):
 PSYoungGen      total 4608K, used 4352K [0x00000000d5580000, 0x00000000d5c80000, 0x0000000100000000)
  eden space 4096K, 100% used [0x00000000d5580000,0x00000000d5980000,0x00000000d5980000)
  from space 512K, 50% used [0x00000000d5c00000,0x00000000d5c40000,0x00000000d5c80000)
  to   space 512K, 0% used [0x00000000d5b80000,0x00000000d5b80000,0x00000000d5c00000)
 ParOldGen       total 435200K, used 347872K [0x0000000080000000, 0x000000009a900000, 0x00000000d5580000)
  object space 435200K, 79% used [0x0000000080000000,0x00000000953b8360,0x000000009a900000)
 Metaspace       used 84912K, committed 86784K, reserved 1179648K
  class space    used 10741K, committed 11584K, reserved 1048576K
}
Event: 13661.332 GC heap after
{Heap after GC invocations=914 (full 3):
 PSYoungGen      total 4608K, used 288K [0x00000000d5580000, 0x00000000d5c80000, 0x0000000100000000)
  eden space 4096K, 0% used [0x00000000d5580000,0x00000000d5580000,0x00000000d5980000)
  from space 512K, 56% used [0x00000000d5b80000,0x00000000d5bc8000,0x00000000d5c00000)
  to   space 512K, 0% used [0x00000000d5c00000,0x00000000d5c00000,0x00000000d5c80000)
 ParOldGen       total 435200K, used 347952K [0x0000000080000000, 0x000000009a900000, 0x00000000d5580000)
  object space 435200K, 79% used [0x0000000080000000,0x00000000953cc360,0x000000009a900000)
 Metaspace       used 84912K, committed 86784K, reserved 1179648K
  class space    used 10741K, committed 11584K, reserved 1048576K
}
Event: 13673.208 GC heap before
{Heap before GC invocations=915 (full 3):
 PSYoungGen      total 4608K, used 4384K [0x00000000d5580000, 0x00000000d5c80000, 0x0000000100000000)
  eden space 4096K, 100% used [0x00000000d5580000,0x00000000d5980000,0x00000000d5980000)
  from space 512K, 56% used [0x00000000d5b80000,0x00000000d5bc8000,0x00000000d5c00000)
  to   space 512K, 0% used [0x00000000d5c00000,0x00000000d5c00000,0x00000000d5c80000)
 ParOldGen       total 435200K, used 347952K [0x0000000080000000, 0x000000009a900000, 0x00000000d5580000)
  object space 435200K, 79% used [0x0000000080000000,0x00000000953cc360,0x000000009a900000)
 Metaspace       used 84956K, committed 86848K, reserved 1179648K
  class space    used 10745K, committed 11584K, reserved 1048576K
}
Event: 13673.210 GC heap after
{Heap after GC invocations=915 (full 3):
 PSYoungGen      total 4608K, used 224K [0x00000000d5580000, 0x00000000d5c80000, 0x0000000100000000)
  eden space 4096K, 0% used [0x00000000d5580000,0x00000000d5580000,0x00000000d5980000)
  from space 512K, 43% used [0x00000000d5c00000,0x00000000d5c38000,0x00000000d5c80000)
  to   space 512K, 0% used [0x00000000d5b80000,0x00000000d5b80000,0x00000000d5c00000)
 ParOldGen       total 435200K, used 347992K [0x0000000080000000, 0x000000009a900000, 0x00000000d5580000)
  object space 435200K, 79% used [0x0000000080000000,0x00000000953d6360,0x000000009a900000)
 Metaspace       used 84956K, committed 86848K, reserved 1179648K
  class space    used 10745K, committed 11584K, reserved 1048576K
}
Event: 13681.292 GC heap before
{Heap before GC invocations=916 (full 3):
 PSYoungGen      total 4608K, used 4320K [0x00000000d5580000, 0x00000000d5c80000, 0x0000000100000000)
  eden space 4096K, 100% used [0x00000000d5580000,0x00000000d5980000,0x00000000d5980000)
  from space 512K, 43% used [0x00000000d5c00000,0x00000000d5c38000,0x00000000d5c80000)
  to   space 512K, 0% used [0x00000000d5b80000,0x00000000d5b80000,0x00000000d5c00000)
 ParOldGen       total 435200K, used 347992K [0x0000000080000000, 0x000000009a900000, 0x00000000d5580000)
  object space 435200K, 79% used [0x0000000080000000,0x00000000953d6360,0x000000009a900000)
 Metaspace       used 85018K, committed 86912K, reserved 1179648K
  class space    used 10745K, committed 11584K, reserved 1048576K
}
Event: 13681.294 GC heap after
{Heap after GC invocations=916 (full 3):
 PSYoungGen      total 4608K, used 256K [0x00000000d5580000, 0x00000000d5c80000, 0x0000000100000000)
  eden space 4096K, 0% used [0x00000000d5580000,0x00000000d5580000,0x00000000d5980000)
  from space 512K, 50% used [0x00000000d5b80000,0x00000000d5bc0000,0x00000000d5c00000)
  to   space 512K, 0% used [0x00000000d5c00000,0x00000000d5c00000,0x00000000d5c80000)
 ParOldGen       total 435200K, used 348064K [0x0000000080000000, 0x000000009a900000, 0x00000000d5580000)
  object space 435200K, 79% used [0x0000000080000000,0x00000000953e8360,0x000000009a900000)
 Metaspace       used 85018K, committed 86912K, reserved 1179648K
  class space    used 10745K, committed 11584K, reserved 1048576K
}
Event: 13684.734 GC heap before
{Heap before GC invocations=917 (full 3):
 PSYoungGen      total 4608K, used 4352K [0x00000000d5580000, 0x00000000d5c80000, 0x0000000100000000)
  eden space 4096K, 100% used [0x00000000d5580000,0x00000000d5980000,0x00000000d5980000)
  from space 512K, 50% used [0x00000000d5b80000,0x00000000d5bc0000,0x00000000d5c00000)
  to   space 512K, 0% used [0x00000000d5c00000,0x00000000d5c00000,0x00000000d5c80000)
 ParOldGen       total 435200K, used 348064K [0x0000000080000000, 0x000000009a900000, 0x00000000d5580000)
  object space 435200K, 79% used [0x0000000080000000,0x00000000953e8360,0x000000009a900000)
 Metaspace       used 85031K, committed 86912K, reserved 1179648K
  class space    used 10745K, committed 11584K, reserved 1048576K
}
Event: 13684.735 GC heap after
{Heap after GC invocations=917 (full 3):
 PSYoungGen      total 4608K, used 192K [0x00000000d5580000, 0x00000000d5c80000, 0x0000000100000000)
  eden space 4096K, 0% used [0x00000000d5580000,0x00000000d5580000,0x00000000d5980000)
  from space 512K, 37% used [0x00000000d5c00000,0x00000000d5c30000,0x00000000d5c80000)
  to   space 512K, 0% used [0x00000000d5b80000,0x00000000d5b80000,0x00000000d5c00000)
 ParOldGen       total 435200K, used 348120K [0x0000000080000000, 0x000000009a900000, 0x00000000d5580000)
  object space 435200K, 79% used [0x0000000080000000,0x00000000953f6360,0x000000009a900000)
 Metaspace       used 85031K, committed 86912K, reserved 1179648K
  class space    used 10745K, committed 11584K, reserved 1048576K
}
Event: 13764.149 GC heap before
{Heap before GC invocations=918 (full 3):
 PSYoungGen      total 4608K, used 4288K [0x00000000d5580000, 0x00000000d5c80000, 0x0000000100000000)
  eden space 4096K, 100% used [0x00000000d5580000,0x00000000d5980000,0x00000000d5980000)
  from space 512K, 37% used [0x00000000d5c00000,0x00000000d5c30000,0x00000000d5c80000)
  to   space 512K, 0% used [0x00000000d5b80000,0x00000000d5b80000,0x00000000d5c00000)
 ParOldGen       total 435200K, used 348120K [0x0000000080000000, 0x000000009a900000, 0x00000000d5580000)
  object space 435200K, 79% used [0x0000000080000000,0x00000000953f6360,0x000000009a900000)
 Metaspace       used 85038K, committed 86912K, reserved 1179648K
  class space    used 10745K, committed 11584K, reserved 1048576K
}
Event: 13764.151 GC heap after
{Heap after GC invocations=918 (full 3):
 PSYoungGen      total 4608K, used 288K [0x00000000d5580000, 0x00000000d5c80000, 0x0000000100000000)
  eden space 4096K, 0% used [0x00000000d5580000,0x00000000d5580000,0x00000000d5980000)
  from space 512K, 56% used [0x00000000d5b80000,0x00000000d5bc8000,0x00000000d5c00000)
  to   space 512K, 0% used [0x00000000d5c00000,0x00000000d5c00000,0x00000000d5c80000)
 ParOldGen       total 435200K, used 348184K [0x0000000080000000, 0x000000009a900000, 0x00000000d5580000)
  object space 435200K, 80% used [0x0000000080000000,0x0000000095406360,0x000000009a900000)
 Metaspace       used 85038K, committed 86912K, reserved 1179648K
  class space    used 10745K, committed 11584K, reserved 1048576K
}
Event: 13829.085 GC heap before
{Heap before GC invocations=919 (full 3):
 PSYoungGen      total 4608K, used 4384K [0x00000000d5580000, 0x00000000d5c80000, 0x0000000100000000)
  eden space 4096K, 100% used [0x00000000d5580000,0x00000000d5980000,0x00000000d5980000)
  from space 512K, 56% used [0x00000000d5b80000,0x00000000d5bc8000,0x00000000d5c00000)
  to   space 512K, 0% used [0x00000000d5c00000,0x00000000d5c00000,0x00000000d5c80000)
 ParOldGen       total 435200K, used 348184K [0x0000000080000000, 0x000000009a900000, 0x00000000d5580000)
  object space 435200K, 80% used [0x0000000080000000,0x0000000095406360,0x000000009a900000)
 Metaspace       used 85052K, committed 86912K, reserved 1179648K
  class space    used 10745K, committed 11584K, reserved 1048576K
}
Event: 13829.088 GC heap after
{Heap after GC invocations=919 (full 3):
 PSYoungGen      total 4608K, used 256K [0x00000000d5580000, 0x00000000d5c80000, 0x0000000100000000)
  eden space 4096K, 0% used [0x00000000d5580000,0x00000000d5580000,0x00000000d5980000)
  from space 512K, 50% used [0x00000000d5c00000,0x00000000d5c40000,0x00000000d5c80000)
  to   space 512K, 0% used [0x00000000d5b80000,0x00000000d5b80000,0x00000000d5c00000)
 ParOldGen       total 435200K, used 348256K [0x0000000080000000, 0x000000009a900000, 0x00000000d5580000)
  object space 435200K, 80% used [0x0000000080000000,0x0000000095418360,0x000000009a900000)
 Metaspace       used 85052K, committed 86912K, reserved 1179648K
  class space    used 10745K, committed 11584K, reserved 1048576K
}
Event: 13891.526 GC heap before
{Heap before GC invocations=920 (full 3):
 PSYoungGen      total 4608K, used 4352K [0x00000000d5580000, 0x00000000d5c80000, 0x0000000100000000)
  eden space 4096K, 100% used [0x00000000d5580000,0x00000000d5980000,0x00000000d5980000)
  from space 512K, 50% used [0x00000000d5c00000,0x00000000d5c40000,0x00000000d5c80000)
  to   space 512K, 0% used [0x00000000d5b80000,0x00000000d5b80000,0x00000000d5c00000)
 ParOldGen       total 435200K, used 348256K [0x0000000080000000, 0x000000009a900000, 0x00000000d5580000)
  object space 435200K, 80% used [0x0000000080000000,0x0000000095418360,0x000000009a900000)
 Metaspace       used 85056K, committed 86912K, reserved 1179648K
  class space    used 10745K, committed 11584K, reserved 1048576K
}
Event: 13891.530 GC heap after
{Heap after GC invocations=920 (full 3):
 PSYoungGen      total 4608K, used 224K [0x00000000d5580000, 0x00000000d5c80000, 0x0000000100000000)
  eden space 4096K, 0% used [0x00000000d5580000,0x00000000d5580000,0x00000000d5980000)
  from space 512K, 43% used [0x00000000d5b80000,0x00000000d5bb8000,0x00000000d5c00000)
  to   space 512K, 0% used [0x00000000d5c00000,0x00000000d5c00000,0x00000000d5c80000)
 ParOldGen       total 435200K, used 348304K [0x0000000080000000, 0x000000009a900000, 0x00000000d5580000)
  object space 435200K, 80% used [0x0000000080000000,0x0000000095424360,0x000000009a900000)
 Metaspace       used 85056K, committed 86912K, reserved 1179648K
  class space    used 10745K, committed 11584K, reserved 1048576K
}
Event: 13892.697 GC heap before
{Heap before GC invocations=921 (full 3):
 PSYoungGen      total 4608K, used 4315K [0x00000000d5580000, 0x00000000d5c80000, 0x0000000100000000)
  eden space 4096K, 99% used [0x00000000d5580000,0x00000000d597eda8,0x00000000d5980000)
  from space 512K, 43% used [0x00000000d5b80000,0x00000000d5bb8000,0x00000000d5c00000)
  to   space 512K, 0% used [0x00000000d5c00000,0x00000000d5c00000,0x00000000d5c80000)
 ParOldGen       total 435200K, used 348304K [0x0000000080000000, 0x000000009a900000, 0x00000000d5580000)
  object space 435200K, 80% used [0x0000000080000000,0x0000000095424360,0x000000009a900000)
 Metaspace       used 85056K, committed 86912K, reserved 1179648K
  class space    used 10745K, committed 11584K, reserved 1048576K
}
Event: 13892.708 GC heap after
{Heap after GC invocations=921 (full 3):
 PSYoungGen      total 4608K, used 256K [0x00000000d5580000, 0x00000000d5c80000, 0x0000000100000000)
  eden space 4096K, 0% used [0x00000000d5580000,0x00000000d5580000,0x00000000d5980000)
  from space 512K, 50% used [0x00000000d5c00000,0x00000000d5c40000,0x00000000d5c80000)
  to   space 512K, 0% used [0x00000000d5b80000,0x00000000d5b80000,0x00000000d5c00000)
 ParOldGen       total 435200K, used 348352K [0x0000000080000000, 0x000000009a900000, 0x00000000d5580000)
  object space 435200K, 80% used [0x0000000080000000,0x0000000095430360,0x000000009a900000)
 Metaspace       used 85056K, committed 86912K, reserved 1179648K
  class space    used 10745K, committed 11584K, reserved 1048576K
}
Event: 14129.197 GC heap before
{Heap before GC invocations=922 (full 3):
 PSYoungGen      total 4608K, used 4352K [0x00000000d5580000, 0x00000000d5c80000, 0x0000000100000000)
  eden space 4096K, 100% used [0x00000000d5580000,0x00000000d5980000,0x00000000d5980000)
  from space 512K, 50% used [0x00000000d5c00000,0x00000000d5c40000,0x00000000d5c80000)
  to   space 512K, 0% used [0x00000000d5b80000,0x00000000d5b80000,0x00000000d5c00000)
 ParOldGen       total 435200K, used 348352K [0x0000000080000000, 0x000000009a900000, 0x00000000d5580000)
  object space 435200K, 80% used [0x0000000080000000,0x0000000095430360,0x000000009a900000)
 Metaspace       used 85062K, committed 86912K, reserved 1179648K
  class space    used 10745K, committed 11584K, reserved 1048576K
}
Event: 14129.203 GC heap after
{Heap after GC invocations=922 (full 3):
 PSYoungGen      total 4608K, used 320K [0x00000000d5580000, 0x00000000d5c80000, 0x0000000100000000)
  eden space 4096K, 0% used [0x00000000d5580000,0x00000000d5580000,0x00000000d5980000)
  from space 512K, 62% used [0x00000000d5b80000,0x00000000d5bd0000,0x00000000d5c00000)
  to   space 512K, 0% used [0x00000000d5c00000,0x00000000d5c00000,0x00000000d5c80000)
 ParOldGen       total 435200K, used 348384K [0x0000000080000000, 0x000000009a900000, 0x00000000d5580000)
  object space 435200K, 80% used [0x0000000080000000,0x0000000095438360,0x000000009a900000)
 Metaspace       used 85062K, committed 86912K, reserved 1179648K
  class space    used 10745K, committed 11584K, reserved 1048576K
}

